Assuming unrestricted shared filesystem usage.
None
host: Allens MacBook
Building DAG of jobs...
Using shell: /bin/bash
Provided cores: 1 (use --cores to define parallelism)
Rules claiming more threads will be scaled down.
Job stats:
job                        count
-----------------------  -------
all                            1
download_annotation            1
download_quantitation          1
download_ref_annotation        1
make_intervals                 1
write_lr_records               1
total                          6

Select jobs to execute...
Execute 1 jobs...
[Thu Sep 18 14:42:04 2025]
localrule download_ref_annotation:
    output: isoformDB/references/grch38.gencode.v29/gene_annotation.gtf.gz
    jobid: 5
    reason: Missing output files: isoformDB/references/grch38.gencode.v29/gene_annotation.gtf.gz
    wildcards: reference_id=grch38.gencode.v29
    resources: tmpdir=/var/folders/tk/bdsgytmn5cb0bfqrftv10n8r0000gq/T
Shell command: wget -O isoformDB/references/grch38.gencode.v29/gene_annotation.gtf.gz https://ftp.ebi.ac.uk/pub/databases/gencode/Gencode_human/release_29/gencode.v29.basic.annotation.gtf.gz
Select jobs to execute...
[Thu Sep 18 14:42:10 2025]
Finished jobid: 5 (Rule: download_ref_annotation)
1 of 6 steps (17%) done
Execute 1 jobs...
[Thu Sep 18 14:42:10 2025]
localrule make_intervals:
    input: isoformDB/references/grch38.gencode.v29/gene_annotation.gtf.gz
    output: isoformDB/references/grch38.gencode.v29/cannonical_genes.gff
    jobid: 4
    reason: Missing output files: isoformDB/references/grch38.gencode.v29/cannonical_genes.gff; Input files updated by another job: isoformDB/references/grch38.gencode.v29/gene_annotation.gtf.gz
    wildcards: reference_id=grch38.gencode.v29
    resources: tmpdir=/var/folders/tk/bdsgytmn5cb0bfqrftv10n8r0000gq/T, mem_mb=2000, mem_mib=1908, time=00:30:00, cpus_per_task=2
Shell command: 
        isoformer-select-canonical isoformDB/references/grch38.gencode.v29/gene_annotation.gtf.gz > isoformDB/references/grch38.gencode.v29/cannonical_genes.gff
        
Select jobs to execute...
[Thu Sep 18 14:42:29 2025]
Finished jobid: 4 (Rule: make_intervals)
2 of 6 steps (33%) done
Removing temporary output isoformDB/references/grch38.gencode.v29/gene_annotation.gtf.gz.
Execute 1 jobs...
[Thu Sep 18 14:42:29 2025]
localrule download_annotation:
    output: isoformDB/downloads/K562/transcript_annotation.gtf.gz
    jobid: 2
    reason: Missing output files: isoformDB/downloads/K562/transcript_annotation.gtf.gz
    wildcards: dataset_id=K562
    resources: tmpdir=/var/folders/tk/bdsgytmn5cb0bfqrftv10n8r0000gq/T
Shell command: wget -O isoformDB/downloads/K562/transcript_annotation.gtf.gz https://www.encodeproject.org/files/ENCFF588BMG/@@download/ENCFF588BMG.gtf.gz
Select jobs to execute...
[Thu Sep 18 14:42:34 2025]
Finished jobid: 2 (Rule: download_annotation)
3 of 6 steps (50%) done
Execute 1 jobs...
[Thu Sep 18 14:42:34 2025]
localrule download_quantitation:
    output: isoformDB/downloads/K562/quantitation.tsv
    jobid: 3
    reason: Missing output files: isoformDB/downloads/K562/quantitation.tsv
    wildcards: dataset_id=K562
    resources: tmpdir=/var/folders/tk/bdsgytmn5cb0bfqrftv10n8r0000gq/T
Shell command: wget -O isoformDB/downloads/K562/quantitation.tsv https://www.encodeproject.org/files/ENCFF448BDX/@@download/ENCFF448BDX.tsv
[Thu Sep 18 14:42:37 2025]
Finished jobid: 3 (Rule: download_quantitation)
4 of 6 steps (67%) done
Select jobs to execute...
Execute 1 jobs...
[Thu Sep 18 14:42:37 2025]
localrule write_lr_records:
    input: isoformDB/downloads/K562/transcript_annotation.gtf.gz, isoformDB/downloads/K562/quantitation.tsv, isoformDB/references/grch38.gencode.v29/cannonical_genes.gff
    output: isoformDB/committed/dataset=K562;bulk_level=bulk;read_type=long
    jobid: 1
    reason: Missing output files: isoformDB/committed/dataset=K562;bulk_level=bulk;read_type=long; Input files updated by another job: isoformDB/downloads/K562/quantitation.tsv, isoformDB/references/grch38.gencode.v29/cannonical_genes.gff, isoformDB/downloads/K562/transcript_annotation.gtf.gz
    wildcards: dataset_id=K562, bulk_level=bulk
    priority: 1000
    resources: tmpdir=/var/folders/tk/bdsgytmn5cb0bfqrftv10n8r0000gq/T
Shell command: 
        python write_records.py \
            '{"link":null,"description":null,"technology_name":"Sequel","reference":"grch38.gencode.v29","partition":null,"celltypes":{"K562":1.0},"is_single_cell":false,"source_data":{"quantitation":{"file":"https://www.encodeproject.org/files/ENCFF448BDX/@@download/ENCFF448BDX.tsv","weight_key":"rep2ENCSR983KDL","transcript_id_key":"annot_transcript_id","celltype_key":"celltype"},"annotation":{"file":"https://www.encodeproject.org/files/ENCFF588BMG/@@download/ENCFF588BMG.gtf.gz","transcript_id_key":"ID","gene_id_key":"geneID"},"bam_file":null},"is_long_read":true}' \
            --gene-annotation isoformDB/references/grch38.gencode.v29/cannonical_genes.gff \
            --quantitation isoformDB/downloads/K562/quantitation.tsv \
            --transcript-annotation isoformDB/downloads/K562/transcript_annotation.gtf.gz \
            --dataset-id K562 \
            --output-path isoformDB/database/
        
RuleException:
CalledProcessError in file "/Users/allen/projects/dna_lang/pytorch_borzoi/isoformer/database/pipeline/main.smk", line 227:
Command 'set -euo pipefail;  
        python write_records.py \
            '{"link":null,"description":null,"technology_name":"Sequel","reference":"grch38.gencode.v29","partition":null,"celltypes":{"K562":1.0},"is_single_cell":false,"source_data":{"quantitation":{"file":"https://www.encodeproject.org/files/ENCFF448BDX/@@download/ENCFF448BDX.tsv","weight_key":"rep2ENCSR983KDL","transcript_id_key":"annot_transcript_id","celltype_key":"celltype"},"annotation":{"file":"https://www.encodeproject.org/files/ENCFF588BMG/@@download/ENCFF588BMG.gtf.gz","transcript_id_key":"ID","gene_id_key":"geneID"},"bam_file":null},"is_long_read":true}' \
            --gene-annotation isoformDB/references/grch38.gencode.v29/cannonical_genes.gff \
            --quantitation isoformDB/downloads/K562/quantitation.tsv \
            --transcript-annotation isoformDB/downloads/K562/transcript_annotation.gtf.gz \
            --dataset-id K562 \
            --output-path isoformDB/database/' returned non-zero exit status 1.
[Thu Sep 18 14:43:09 2025]
Error in rule write_lr_records:
    message: None
    jobid: 1
    input: isoformDB/downloads/K562/transcript_annotation.gtf.gz, isoformDB/downloads/K562/quantitation.tsv, isoformDB/references/grch38.gencode.v29/cannonical_genes.gff
    output: isoformDB/committed/dataset=K562;bulk_level=bulk;read_type=long
    shell:
        
        python write_records.py \
            '{"link":null,"description":null,"technology_name":"Sequel","reference":"grch38.gencode.v29","partition":null,"celltypes":{"K562":1.0},"is_single_cell":false,"source_data":{"quantitation":{"file":"https://www.encodeproject.org/files/ENCFF448BDX/@@download/ENCFF448BDX.tsv","weight_key":"rep2ENCSR983KDL","transcript_id_key":"annot_transcript_id","celltype_key":"celltype"},"annotation":{"file":"https://www.encodeproject.org/files/ENCFF588BMG/@@download/ENCFF588BMG.gtf.gz","transcript_id_key":"ID","gene_id_key":"geneID"},"bam_file":null},"is_long_read":true}' \
            --gene-annotation isoformDB/references/grch38.gencode.v29/cannonical_genes.gff \
            --quantitation isoformDB/downloads/K562/quantitation.tsv \
            --transcript-annotation isoformDB/downloads/K562/transcript_annotation.gtf.gz \
            --dataset-id K562 \
            --output-path isoformDB/database/
        
        (command exited with non-zero exit code)
Shutting down, this might take some time.
Exiting because a job execution failed. Look below for error messages
[Thu Sep 18 14:43:09 2025]
Error in rule write_lr_records:
    message: None
    jobid: 1
    input: isoformDB/downloads/K562/transcript_annotation.gtf.gz, isoformDB/downloads/K562/quantitation.tsv, isoformDB/references/grch38.gencode.v29/cannonical_genes.gff
    output: isoformDB/committed/dataset=K562;bulk_level=bulk;read_type=long
    shell:
        
        python write_records.py \
            '{"link":null,"description":null,"technology_name":"Sequel","reference":"grch38.gencode.v29","partition":null,"celltypes":{"K562":1.0},"is_single_cell":false,"source_data":{"quantitation":{"file":"https://www.encodeproject.org/files/ENCFF448BDX/@@download/ENCFF448BDX.tsv","weight_key":"rep2ENCSR983KDL","transcript_id_key":"annot_transcript_id","celltype_key":"celltype"},"annotation":{"file":"https://www.encodeproject.org/files/ENCFF588BMG/@@download/ENCFF588BMG.gtf.gz","transcript_id_key":"ID","gene_id_key":"geneID"},"bam_file":null},"is_long_read":true}' \
            --gene-annotation isoformDB/references/grch38.gencode.v29/cannonical_genes.gff \
            --quantitation isoformDB/downloads/K562/quantitation.tsv \
            --transcript-annotation isoformDB/downloads/K562/transcript_annotation.gtf.gz \
            --dataset-id K562 \
            --output-path isoformDB/database/
        
        (command exited with non-zero exit code)
Complete log(s): /Users/allen/projects/dna_lang/pytorch_borzoi/isoformer/database/pipeline/.snakemake/log/2025-09-18T144204.545423.snakemake.log
WorkflowError:
At least one job did not complete successfully.
