Assuming unrestricted shared filesystem usage.
None
host: Allens MacBook
Building DAG of jobs...
Using shell: /bin/bash
Provided cores: 1 (use --cores to define parallelism)
Rules claiming more threads will be scaled down.
Job stats:
job                 count
----------------  -------
all                     1
write_lr_records        1
total                   2

Select jobs to execute...
Execute 1 jobs...
[Wed Sep 17 20:10:14 2025]
localrule write_lr_records:
    input: isoformDB/downloads/K562/transcript_annotation.gtf.gz, isoformDB/downloads/K562/quantitation.tsv, isoformDB/references/grch38.gencode.v29/cannonical_genes.gff
    output: isoformDB/committed/dataset=K562;bulk_level=bulk;read_type=long
    jobid: 1
    reason: Missing output files: isoformDB/committed/dataset=K562;bulk_level=bulk;read_type=long
    wildcards: dataset_id=K562, bulk_level=bulk
    priority: 1000
    resources: tmpdir=/var/folders/tk/bdsgytmn5cb0bfqrftv10n8r0000gq/T
Shell command: 
        python write_records.py \
            '{"link":null,"description":null,"technology_name":"Sequel","reference":"grch38.gencode.v29","partition":null,"celltypes":{"K562":1.0},"is_single_cell":false,"source_data":{"quantitation":{"file":"https://www.encodeproject.org/files/ENCFF448BDX/@@download/ENCFF448BDX.tsv","weight_key":"rep2ENCSR983KDL","transcript_id_key":"annot_transcript_id","celltype_key":"celltype"},"annotation":{"file":"https://www.encodeproject.org/files/ENCFF588BMG/@@download/ENCFF588BMG.gtf.gz","transcript_id_key":"ID","gene_id_key":"geneID"},"bam_file":null},"is_long_read":true}' \
            --gene-annotation isoformDB/references/grch38.gencode.v29/cannonical_genes.gff \
            --quantitation isoformDB/downloads/K562/quantitation.tsv \
            --transcript-annotation isoformDB/downloads/K562/transcript_annotation.gtf.gz \
            --dataset-id K562 \
            --output-path isoformDB/database/
        
Terminating processes on user request, this might take some time.
