Assuming unrestricted shared filesystem usage.
None
host: Allens MacBook
Building DAG of jobs...
Using shell: /bin/bash
Provided cores: 1 (use --cores to define parallelism)
Rules claiming more threads will be scaled down.
Job stats:
job                        count
-----------------------  -------
all                            1
download_annotation            1
download_quantitation          1
download_ref_annotation        1
make_intervals                 1
write_gene_records             1
total                          6

Select jobs to execute...
Execute 1 jobs...
[Fri Aug 22 21:28:05 2025]
localrule download_quantitation:
    output: isoformDB/intermediates/K562/isoform_quantitation.tsv
    jobid: 3
    reason: Missing output files: isoformDB/intermediates/K562/isoform_quantitation.tsv
    wildcards: dataset_id=K562
    resources: tmpdir=/var/folders/tk/bdsgytmn5cb0bfqrftv10n8r0000gq/T
Shell command: wget -O isoformDB/intermediates/K562/isoform_quantitation.tsv https://www.encodeproject.org/files/ENCFF448BDX/@@download/ENCFF448BDX.tsv
Select jobs to execute...
[Fri Aug 22 21:28:09 2025]
Finished jobid: 3 (Rule: download_quantitation)
1 of 6 steps (17%) done
Execute 1 jobs...
[Fri Aug 22 21:28:09 2025]
localrule download_ref_annotation:
    output: isoformDB/references/grch38.gencode.v29/gene_annotation.gtf.gz
    jobid: 5
    reason: Missing output files: isoformDB/references/grch38.gencode.v29/gene_annotation.gtf.gz
    wildcards: reference_id=grch38.gencode.v29
    resources: tmpdir=/var/folders/tk/bdsgytmn5cb0bfqrftv10n8r0000gq/T
Shell command: wget -O isoformDB/references/grch38.gencode.v29/gene_annotation.gtf.gz https://ftp.ebi.ac.uk/pub/databases/gencode/Gencode_human/release_29/gencode.v29.basic.annotation.gtf.gz
Select jobs to execute...
[Fri Aug 22 21:28:15 2025]
Finished jobid: 5 (Rule: download_ref_annotation)
2 of 6 steps (33%) done
Execute 1 jobs...
[Fri Aug 22 21:28:15 2025]
localrule make_intervals:
    input: isoformDB/references/grch38.gencode.v29/gene_annotation.gtf.gz
    output: isoformDB/references/grch38.gencode.v29/cannonical_genes.gff
    jobid: 4
    reason: Missing output files: isoformDB/references/grch38.gencode.v29/cannonical_genes.gff; Input files updated by another job: isoformDB/references/grch38.gencode.v29/gene_annotation.gtf.gz
    wildcards: reference_id=grch38.gencode.v29
    resources: tmpdir=/var/folders/tk/bdsgytmn5cb0bfqrftv10n8r0000gq/T, mem_mb=2000, mem_mib=1908, time=00:30:00, cpus_per_task=2
Shell command: 
        isoformer-select-canonical isoformDB/references/grch38.gencode.v29/gene_annotation.gtf.gz > isoformDB/references/grch38.gencode.v29/cannonical_genes.gff
        
Select jobs to execute...
[Fri Aug 22 21:28:32 2025]
Finished jobid: 4 (Rule: make_intervals)
3 of 6 steps (50%) done
Removing temporary output isoformDB/references/grch38.gencode.v29/gene_annotation.gtf.gz.
Execute 1 jobs...
[Fri Aug 22 21:28:32 2025]
localrule download_annotation:
    output: isoformDB/intermediates/K562/transcript_annotation.gtf.gz
    jobid: 2
    reason: Missing output files: isoformDB/intermediates/K562/transcript_annotation.gtf.gz
    wildcards: dataset_id=K562
    resources: tmpdir=/var/folders/tk/bdsgytmn5cb0bfqrftv10n8r0000gq/T
Shell command: wget -O isoformDB/intermediates/K562/transcript_annotation.gtf.gz https://www.encodeproject.org/files/ENCFF588BMG/@@download/ENCFF588BMG.gtf.gz
[Fri Aug 22 21:28:37 2025]
Finished jobid: 2 (Rule: download_annotation)
4 of 6 steps (67%) done
Select jobs to execute...
Execute 1 jobs...
[Fri Aug 22 21:28:37 2025]
localrule write_gene_records:
    input: isoformDB/intermediates/K562/transcript_annotation.gtf.gz, isoformDB/intermediates/K562/isoform_quantitation.tsv, isoformDB/references/grch38.gencode.v29/cannonical_genes.gff
    output: isoformDB/intermediates/K562/db.commited
    jobid: 1
    reason: Missing output files: isoformDB/intermediates/K562/db.commited; Input files updated by another job: isoformDB/intermediates/K562/transcript_annotation.gtf.gz, isoformDB/intermediates/K562/isoform_quantitation.tsv, isoformDB/references/grch38.gencode.v29/cannonical_genes.gff
    wildcards: dataset_id=K562
    priority: 1000
    resources: tmpdir=/var/folders/tk/bdsgytmn5cb0bfqrftv10n8r0000gq/T
Shell command: 
        isoformer-write-records \
            --gene-annotation isoformDB/references/grch38.gencode.v29/cannonical_genes.gff \
            --quantitation isoformDB/intermediates/K562/isoform_quantitation.tsv annot_transcript_id rep2ENCSR983KDL \
            --transcript-annotation isoformDB/intermediates/K562/transcript_annotation.gtf.gz \
            --reference-id grch38.gencode.v29 \
            --dataset-id K562 \
            --output-path isoformDB/database/
        
RuleException:
CalledProcessError in file "/Users/allen/projects/dna_lang/pytorch_borzoi/isoformer/database/pipeline/isoform_db.smk", line 140:
Command 'set -euo pipefail;  
        isoformer-write-records \
            --gene-annotation isoformDB/references/grch38.gencode.v29/cannonical_genes.gff \
            --quantitation isoformDB/intermediates/K562/isoform_quantitation.tsv annot_transcript_id rep2ENCSR983KDL \
            --transcript-annotation isoformDB/intermediates/K562/transcript_annotation.gtf.gz \
            --reference-id grch38.gencode.v29 \
            --dataset-id K562 \
            --output-path isoformDB/database/' returned non-zero exit status 2.
[Fri Aug 22 21:28:39 2025]
Error in rule write_gene_records:
    message: None
    jobid: 1
    input: isoformDB/intermediates/K562/transcript_annotation.gtf.gz, isoformDB/intermediates/K562/isoform_quantitation.tsv, isoformDB/references/grch38.gencode.v29/cannonical_genes.gff
    output: isoformDB/intermediates/K562/db.commited
    shell:
        
        isoformer-write-records \
            --gene-annotation isoformDB/references/grch38.gencode.v29/cannonical_genes.gff \
            --quantitation isoformDB/intermediates/K562/isoform_quantitation.tsv annot_transcript_id rep2ENCSR983KDL \
            --transcript-annotation isoformDB/intermediates/K562/transcript_annotation.gtf.gz \
            --reference-id grch38.gencode.v29 \
            --dataset-id K562 \
            --output-path isoformDB/database/
        
        (command exited with non-zero exit code)
Shutting down, this might take some time.
Exiting because a job execution failed. Look below for error messages
[Fri Aug 22 21:28:39 2025]
Error in rule write_gene_records:
    message: None
    jobid: 1
    input: isoformDB/intermediates/K562/transcript_annotation.gtf.gz, isoformDB/intermediates/K562/isoform_quantitation.tsv, isoformDB/references/grch38.gencode.v29/cannonical_genes.gff
    output: isoformDB/intermediates/K562/db.commited
    shell:
        
        isoformer-write-records \
            --gene-annotation isoformDB/references/grch38.gencode.v29/cannonical_genes.gff \
            --quantitation isoformDB/intermediates/K562/isoform_quantitation.tsv annot_transcript_id rep2ENCSR983KDL \
            --transcript-annotation isoformDB/intermediates/K562/transcript_annotation.gtf.gz \
            --reference-id grch38.gencode.v29 \
            --dataset-id K562 \
            --output-path isoformDB/database/
        
        (command exited with non-zero exit code)
Complete log(s): /Users/allen/projects/dna_lang/pytorch_borzoi/isoformer/database/pipeline/.snakemake/log/2025-08-22T212805.370115.snakemake.log
WorkflowError:
At least one job did not complete successfully.
