Assuming unrestricted shared filesystem usage.
None
host: Allens MacBook
Building DAG of jobs...
Using shell: /bin/bash
Provided cores: 1 (use --cores to define parallelism)
Rules claiming more threads will be scaled down.
Job stats:
job                 count
----------------  -------
all                     1
write_lr_records        1
total                   2

Select jobs to execute...
Execute 1 jobs...
[Wed Sep 17 19:53:36 2025]
localrule write_lr_records:
    input: isoformDB/downloads/K562/transcript_annotation.gtf.gz, isoformDB/downloads/K562/quantitation.tsv, isoformDB/references/grch38.gencode.v29/cannonical_genes.gff
    output: isoformDB/committed/dataset=K562;bulk_level=bulk;read_type=long
    jobid: 1
    reason: Missing output files: isoformDB/committed/dataset=K562;bulk_level=bulk;read_type=long; Code has changed since last execution
    wildcards: dataset_id=K562, bulk_level=bulk
    priority: 1000
    resources: tmpdir=/var/folders/tk/bdsgytmn5cb0bfqrftv10n8r0000gq/T
Shell command: 
        python write_records.py \
            '{"link":null,"description":null,"technology_name":"Sequel","reference":"grch38.gencode.v29","partition":null,"celltypes":{"K562":1.0},"is_single_cell":false,"source_data":{"quantitation":{"file":"https://www.encodeproject.org/files/ENCFF448BDX/@@download/ENCFF448BDX.tsv","weight_key":"rep2ENCSR983KDL","transcript_id_key":"annot_transcript_id","celltype_key":"celltype"},"annotation":{"file":"https://www.encodeproject.org/files/ENCFF588BMG/@@download/ENCFF588BMG.gtf.gz","transcript_id_key":"ID","gene_id_key":"geneID"},"bam_file":null},"is_long_read":true}' \
            --gene-annotation isoformDB/references/grch38.gencode.v29/cannonical_genes.gff \
            --quantitation isoformDB/downloads/K562/quantitation.tsv \
            --transcript-annotation isoformDB/downloads/K562/transcript_annotation.gtf.gz \
            --dataset-id K562 \
            --output-path isoformDB/database/
        
RuleException:
CalledProcessError in file "/Users/allen/projects/dna_lang/pytorch_borzoi/isoformer/database/pipeline/main.smk", line 227:
Command 'set -euo pipefail;  
        python write_records.py \
            '{"link":null,"description":null,"technology_name":"Sequel","reference":"grch38.gencode.v29","partition":null,"celltypes":{"K562":1.0},"is_single_cell":false,"source_data":{"quantitation":{"file":"https://www.encodeproject.org/files/ENCFF448BDX/@@download/ENCFF448BDX.tsv","weight_key":"rep2ENCSR983KDL","transcript_id_key":"annot_transcript_id","celltype_key":"celltype"},"annotation":{"file":"https://www.encodeproject.org/files/ENCFF588BMG/@@download/ENCFF588BMG.gtf.gz","transcript_id_key":"ID","gene_id_key":"geneID"},"bam_file":null},"is_long_read":true}' \
            --gene-annotation isoformDB/references/grch38.gencode.v29/cannonical_genes.gff \
            --quantitation isoformDB/downloads/K562/quantitation.tsv \
            --transcript-annotation isoformDB/downloads/K562/transcript_annotation.gtf.gz \
            --dataset-id K562 \
            --output-path isoformDB/database/' returned non-zero exit status 1.
[Wed Sep 17 19:53:39 2025]
Error in rule write_lr_records:
    message: None
    jobid: 1
    input: isoformDB/downloads/K562/transcript_annotation.gtf.gz, isoformDB/downloads/K562/quantitation.tsv, isoformDB/references/grch38.gencode.v29/cannonical_genes.gff
    output: isoformDB/committed/dataset=K562;bulk_level=bulk;read_type=long
    shell:
        
        python write_records.py \
            '{"link":null,"description":null,"technology_name":"Sequel","reference":"grch38.gencode.v29","partition":null,"celltypes":{"K562":1.0},"is_single_cell":false,"source_data":{"quantitation":{"file":"https://www.encodeproject.org/files/ENCFF448BDX/@@download/ENCFF448BDX.tsv","weight_key":"rep2ENCSR983KDL","transcript_id_key":"annot_transcript_id","celltype_key":"celltype"},"annotation":{"file":"https://www.encodeproject.org/files/ENCFF588BMG/@@download/ENCFF588BMG.gtf.gz","transcript_id_key":"ID","gene_id_key":"geneID"},"bam_file":null},"is_long_read":true}' \
            --gene-annotation isoformDB/references/grch38.gencode.v29/cannonical_genes.gff \
            --quantitation isoformDB/downloads/K562/quantitation.tsv \
            --transcript-annotation isoformDB/downloads/K562/transcript_annotation.gtf.gz \
            --dataset-id K562 \
            --output-path isoformDB/database/
        
        (command exited with non-zero exit code)
Shutting down, this might take some time.
Exiting because a job execution failed. Look below for error messages
[Wed Sep 17 19:53:39 2025]
Error in rule write_lr_records:
    message: None
    jobid: 1
    input: isoformDB/downloads/K562/transcript_annotation.gtf.gz, isoformDB/downloads/K562/quantitation.tsv, isoformDB/references/grch38.gencode.v29/cannonical_genes.gff
    output: isoformDB/committed/dataset=K562;bulk_level=bulk;read_type=long
    shell:
        
        python write_records.py \
            '{"link":null,"description":null,"technology_name":"Sequel","reference":"grch38.gencode.v29","partition":null,"celltypes":{"K562":1.0},"is_single_cell":false,"source_data":{"quantitation":{"file":"https://www.encodeproject.org/files/ENCFF448BDX/@@download/ENCFF448BDX.tsv","weight_key":"rep2ENCSR983KDL","transcript_id_key":"annot_transcript_id","celltype_key":"celltype"},"annotation":{"file":"https://www.encodeproject.org/files/ENCFF588BMG/@@download/ENCFF588BMG.gtf.gz","transcript_id_key":"ID","gene_id_key":"geneID"},"bam_file":null},"is_long_read":true}' \
            --gene-annotation isoformDB/references/grch38.gencode.v29/cannonical_genes.gff \
            --quantitation isoformDB/downloads/K562/quantitation.tsv \
            --transcript-annotation isoformDB/downloads/K562/transcript_annotation.gtf.gz \
            --dataset-id K562 \
            --output-path isoformDB/database/
        
        (command exited with non-zero exit code)
Complete log(s): /Users/allen/projects/dna_lang/pytorch_borzoi/isoformer/database/pipeline/.snakemake/log/2025-09-17T195336.146446.snakemake.log
WorkflowError:
At least one job did not complete successfully.
