Assuming unrestricted shared filesystem usage.
None
host: Allens MacBook
Building DAG of jobs...
Using shell: /bin/bash
Provided cores: 1 (use --cores to define parallelism)
Rules claiming more threads will be scaled down.
Job stats:
job                        count
-----------------------  -------
all                            1
commit_reference               1
download_annotation            1
download_quantitation          1
download_ref_annotation        1
make_intervals                 1
write_lr_records               1
total                          7

Select jobs to execute...
Execute 1 jobs...
[Thu Sep 18 18:33:50 2025]
localrule download_ref_annotation:
    output: isoformDB/references/grch38.gencode.v29/gene_annotation.gtf.gz
    jobid: 5
    reason: Missing output files: isoformDB/references/grch38.gencode.v29/gene_annotation.gtf.gz
    wildcards: reference_id=grch38.gencode.v29
    resources: tmpdir=/var/folders/tk/bdsgytmn5cb0bfqrftv10n8r0000gq/T
Shell command: wget -O isoformDB/references/grch38.gencode.v29/gene_annotation.gtf.gz https://ftp.ebi.ac.uk/pub/databases/gencode/Gencode_human/release_29/gencode.v29.basic.annotation.gtf.gz
Select jobs to execute...
[Thu Sep 18 18:33:52 2025]
Finished jobid: 5 (Rule: download_ref_annotation)
1 of 7 steps (14%) done
Execute 1 jobs...
[Thu Sep 18 18:33:52 2025]
localrule commit_reference:
    input: isoformDB/references/grch38.gencode.v29/gene_annotation.gtf.gz, isoformDB/references/grch38.gencode.v29/genome.fa
    output: isoformDB/references/grch38.gencode.v29/.committed
    jobid: 6
    reason: Input files updated by another job: isoformDB/references/grch38.gencode.v29/gene_annotation.gtf.gz
    wildcards: reference_id=grch38.gencode.v29
    resources: tmpdir=/var/folders/tk/bdsgytmn5cb0bfqrftv10n8r0000gq/T
Shell command: None
Touching output file isoformDB/references/grch38.gencode.v29/.committed.
[Thu Sep 18 18:33:52 2025]
Finished jobid: 6 (Rule: commit_reference)
2 of 7 steps (29%) done
Select jobs to execute...
Execute 1 jobs...
[Thu Sep 18 18:33:52 2025]
localrule make_intervals:
    input: isoformDB/references/grch38.gencode.v29/gene_annotation.gtf.gz
    output: isoformDB/references/grch38.gencode.v29/cannonical_genes.gff
    jobid: 4
    reason: Missing output files: isoformDB/references/grch38.gencode.v29/cannonical_genes.gff; Input files updated by another job: isoformDB/references/grch38.gencode.v29/gene_annotation.gtf.gz
    wildcards: reference_id=grch38.gencode.v29
    resources: tmpdir=/var/folders/tk/bdsgytmn5cb0bfqrftv10n8r0000gq/T, mem_mb=2000, mem_mib=1908, time=00:30:00, cpus_per_task=2
Shell command: 
        isoformer-select-canonical isoformDB/references/grch38.gencode.v29/gene_annotation.gtf.gz > isoformDB/references/grch38.gencode.v29/cannonical_genes.gff
        
Select jobs to execute...
[Thu Sep 18 18:34:09 2025]
Finished jobid: 4 (Rule: make_intervals)
3 of 7 steps (43%) done
Removing temporary output isoformDB/references/grch38.gencode.v29/gene_annotation.gtf.gz.
Execute 1 jobs...
[Thu Sep 18 18:34:09 2025]
localrule download_annotation:
    output: isoformDB/downloads/K562/transcript_annotation.gtf.gz
    jobid: 2
    reason: Missing output files: isoformDB/downloads/K562/transcript_annotation.gtf.gz
    wildcards: dataset_id=K562
    resources: tmpdir=/var/folders/tk/bdsgytmn5cb0bfqrftv10n8r0000gq/T
Shell command: wget -O isoformDB/downloads/K562/transcript_annotation.gtf.gz https://www.encodeproject.org/files/ENCFF588BMG/@@download/ENCFF588BMG.gtf.gz
Select jobs to execute...
[Thu Sep 18 18:34:14 2025]
Finished jobid: 2 (Rule: download_annotation)
4 of 7 steps (57%) done
Execute 1 jobs...
[Thu Sep 18 18:34:14 2025]
localrule download_quantitation:
    output: isoformDB/downloads/K562/quantitation.tsv
    jobid: 3
    reason: Missing output files: isoformDB/downloads/K562/quantitation.tsv
    wildcards: dataset_id=K562
    resources: tmpdir=/var/folders/tk/bdsgytmn5cb0bfqrftv10n8r0000gq/T
Shell command: wget -O isoformDB/downloads/K562/quantitation.tsv https://www.encodeproject.org/files/ENCFF448BDX/@@download/ENCFF448BDX.tsv
[Thu Sep 18 18:34:17 2025]
Finished jobid: 3 (Rule: download_quantitation)
5 of 7 steps (71%) done
Select jobs to execute...
Execute 1 jobs...
[Thu Sep 18 18:34:17 2025]
localrule write_lr_records:
    input: isoformDB/downloads/K562/transcript_annotation.gtf.gz, isoformDB/downloads/K562/quantitation.tsv, isoformDB/references/grch38.gencode.v29/cannonical_genes.gff
    output: isoformDB/database/is_long_read=true/reference_id=grch38.gencode.v29/dataset_id=K562
    jobid: 1
    reason: Missing output files: isoformDB/database/is_long_read=true/reference_id=grch38.gencode.v29/dataset_id=K562; Input files updated by another job: isoformDB/downloads/K562/transcript_annotation.gtf.gz, isoformDB/downloads/K562/quantitation.tsv, isoformDB/references/grch38.gencode.v29/cannonical_genes.gff
    wildcards: is_long_read=true, reference_id=grch38.gencode.v29, dataset_id=K562
    priority: 1000
    resources: tmpdir=/var/folders/tk/bdsgytmn5cb0bfqrftv10n8r0000gq/T
Shell command: 
        python write_records.py \
            '{"link":null,"description":null,"technology_name":"Sequel","reference":"grch38.gencode.v29","partition":null,"celltypes":{"K562":1.0},"is_single_cell":false,"source_data":{"quantitation":{"file":"https://www.encodeproject.org/files/ENCFF448BDX/@@download/ENCFF448BDX.tsv","weight_key":"rep2ENCSR983KDL","transcript_id_key":"annot_transcript_id","celltype_key":"celltype"},"annotation":{"file":"https://www.encodeproject.org/files/ENCFF588BMG/@@download/ENCFF588BMG.gtf.gz","transcript_id_key":"ID","gene_id_key":"geneID"},"bam_file":null},"is_long_read":true}' \
            --gene-annotation isoformDB/references/grch38.gencode.v29/cannonical_genes.gff \
            --quantitation isoformDB/downloads/K562/quantitation.tsv \
            --transcript-annotation isoformDB/downloads/K562/transcript_annotation.gtf.gz \
            --dataset-id K562 \
            --output-path isoformDB/database/
        
[Thu Sep 18 18:34:57 2025]
Finished jobid: 1 (Rule: write_lr_records)
6 of 7 steps (86%) done
Removing temporary output isoformDB/downloads/K562/transcript_annotation.gtf.gz.
Removing temporary output isoformDB/downloads/K562/quantitation.tsv.
Removing temporary output isoformDB/references/grch38.gencode.v29/cannonical_genes.gff.
Select jobs to execute...
Execute 1 jobs...
[Thu Sep 18 18:34:57 2025]
localrule all:
    input: isoformDB/database/is_long_read=true/reference_id=grch38.gencode.v29/dataset_id=K562, isoformDB/references/grch38.gencode.v29/.committed
    jobid: 0
    reason: Input files updated by another job: isoformDB/database/is_long_read=true/reference_id=grch38.gencode.v29/dataset_id=K562, isoformDB/references/grch38.gencode.v29/.committed
    resources: tmpdir=/var/folders/tk/bdsgytmn5cb0bfqrftv10n8r0000gq/T
Shell command: None
[Thu Sep 18 18:34:57 2025]
Finished jobid: 0 (Rule: all)
7 of 7 steps (100%) done
Complete log(s): /Users/allen/projects/dna_lang/pytorch_borzoi/isoformer/database/pipeline/.snakemake/log/2025-09-18T183350.080420.snakemake.log
