Assuming unrestricted shared filesystem usage.
None
host: Allens MacBook
Building DAG of jobs...
Using shell: /bin/bash
Provided cores: 1 (use --cores to define parallelism)
Rules claiming more threads will be scaled down.
Job stats:
job                   count
------------------  -------
all                       1
write_gene_records        1
total                     2

Select jobs to execute...
Execute 1 jobs...
[Fri Aug 22 21:33:33 2025]
localrule write_gene_records:
    input: isoformDB/intermediates/K562/transcript_annotation.gtf.gz, isoformDB/intermediates/K562/isoform_quantitation.tsv, isoformDB/references/grch38.gencode.v29/cannonical_genes.gff
    output: isoformDB/intermediates/K562/db.commited
    jobid: 1
    reason: Missing output files: isoformDB/intermediates/K562/db.commited
    wildcards: dataset_id=K562
    priority: 1000
    resources: tmpdir=/var/folders/tk/bdsgytmn5cb0bfqrftv10n8r0000gq/T
Shell command: 
        isoformer-write-records \
            --gene-annotation isoformDB/references/grch38.gencode.v29/cannonical_genes.gff \
            --quantitation isoformDB/intermediates/K562/isoform_quantitation.tsv annot_transcript_id rep2ENCSR983KDL \
            --transcript-annotation isoformDB/intermediates/K562/transcript_annotation.gtf.gz \
            --reference-id grch38.gencode.v29 \
            --dataset-id K562 \
            --output-path isoformDB/database/
        
Touching output file isoformDB/intermediates/K562/db.commited.
[Fri Aug 22 21:34:04 2025]
Finished jobid: 1 (Rule: write_gene_records)
1 of 2 steps (50%) done
Removing temporary output isoformDB/intermediates/K562/transcript_annotation.gtf.gz.
Removing temporary output isoformDB/intermediates/K562/isoform_quantitation.tsv.
Removing temporary output isoformDB/references/grch38.gencode.v29/cannonical_genes.gff.
Select jobs to execute...
Execute 1 jobs...
[Fri Aug 22 21:34:04 2025]
localrule all:
    input: isoformDB/intermediates/K562/db.commited
    jobid: 0
    reason: Input files updated by another job: isoformDB/intermediates/K562/db.commited
    resources: tmpdir=/var/folders/tk/bdsgytmn5cb0bfqrftv10n8r0000gq/T
Shell command: None
[Fri Aug 22 21:34:04 2025]
Finished jobid: 0 (Rule: all)
2 of 2 steps (100%) done
Complete log(s): /Users/allen/projects/dna_lang/pytorch_borzoi/isoformer/database/pipeline/.snakemake/log/2025-08-22T213332.912331.snakemake.log
