Assuming unrestricted shared filesystem usage.
None
host: Allens MacBook
Building DAG of jobs...
Using shell: /bin/bash
Provided cores: 1 (use --cores to define parallelism)
Rules claiming more threads will be scaled down.
Job stats:
job                        count
-----------------------  -------
download_ref_annotation        1
make_intervals                 1
total                          2

Select jobs to execute...
Execute 1 jobs...
[Wed Aug 20 17:04:21 2025]
localrule download_ref_annotation:
    output: isoformDB/grch38.gencode.v29/gene_annotation.gtf.gz
    jobid: 1
    reason: Missing output files: isoformDB/grch38.gencode.v29/gene_annotation.gtf.gz
    wildcards: reference_id=grch38.gencode.v29
    resources: tmpdir=/var/folders/tk/bdsgytmn5cb0bfqrftv10n8r0000gq/T
[Wed Aug 20 17:04:26 2025]
Finished jobid: 1 (Rule: download_ref_annotation)
1 of 2 steps (50%) done
Select jobs to execute...
Execute 1 jobs...
[Wed Aug 20 17:04:26 2025]
localrule make_intervals:
    input: isoformDB/grch38.gencode.v29/gene_annotation.gtf.gz
    output: isoformDB/K562/gene_intervals.bed
    log: isoformDB/logs/K562/make_intervals.log
    jobid: 0
    benchmark: isoformDB/benchmarks/K562/make_intervals.tsv
    reason: Missing output files: isoformDB/K562/gene_intervals.bed; Input files updated by another job: isoformDB/grch38.gencode.v29/gene_annotation.gtf.gz
    wildcards: dataset_id=K562
    resources: tmpdir=/var/folders/tk/bdsgytmn5cb0bfqrftv10n8r0000gq/T, mem_mb=2000, mem_mib=1908, time=00:30:00, cpus_per_task=2
[Wed Aug 20 17:04:40 2025]
Finished jobid: 0 (Rule: make_intervals)
2 of 2 steps (100%) done
Complete log(s): /Users/allen/projects/dna_lang/pytorch_borzoi/isoformer/pipeline/.snakemake/log/2025-08-20T170421.984308.snakemake.log
