Assuming unrestricted shared filesystem usage.
None
host: Allens MacBook
Building DAG of jobs...
Using shell: /bin/bash
Provided cores: 1 (use --cores to define parallelism)
Rules claiming more threads will be scaled down.
Job stats:
job                 count
----------------  -------
all                     1
write_lr_records        1
total                   2

Select jobs to execute...
Execute 1 jobs...
[Thu Sep 18 18:03:33 2025]
localrule write_lr_records:
    input: isoformDB/downloads/K562/transcript_annotation.gtf.gz, isoformDB/downloads/K562/quantitation.tsv, isoformDB/references/grch38.gencode.v29/cannonical_genes.gff
    output: isoformDB/database/read_type=long/dataset_id=K562
    jobid: 1
    reason: Missing output files: isoformDB/database/read_type=long/dataset_id=K562; Params have changed since last execution: Union of exclusive params before and now across all output: before: 'isoformDB/database/' now: 'isoformDB/database/read_type=long/' 
    wildcards: dataset_id=K562
    priority: 1000
    resources: tmpdir=/var/folders/tk/bdsgytmn5cb0bfqrftv10n8r0000gq/T
Shell command: 
        python write_records.py \
            '{"link":null,"description":null,"technology_name":"Sequel","reference":"grch38.gencode.v29","partition":null,"celltypes":{"K562":1.0},"is_single_cell":false,"source_data":{"quantitation":{"file":"https://www.encodeproject.org/files/ENCFF448BDX/@@download/ENCFF448BDX.tsv","weight_key":"rep2ENCSR983KDL","transcript_id_key":"annot_transcript_id","celltype_key":"celltype"},"annotation":{"file":"https://www.encodeproject.org/files/ENCFF588BMG/@@download/ENCFF588BMG.gtf.gz","transcript_id_key":"ID","gene_id_key":"geneID"},"bam_file":null},"is_long_read":true}' \
            --gene-annotation isoformDB/references/grch38.gencode.v29/cannonical_genes.gff \
            --quantitation isoformDB/downloads/K562/quantitation.tsv \
            --transcript-annotation isoformDB/downloads/K562/transcript_annotation.gtf.gz \
            --dataset-id K562 \
            --output-path isoformDB/database/read_type=long/
        
[Thu Sep 18 18:04:14 2025]
Finished jobid: 1 (Rule: write_lr_records)
1 of 2 steps (50%) done
Removing temporary output isoformDB/downloads/K562/transcript_annotation.gtf.gz.
Removing temporary output isoformDB/downloads/K562/quantitation.tsv.
Removing temporary output isoformDB/references/grch38.gencode.v29/cannonical_genes.gff.
Select jobs to execute...
Execute 1 jobs...
[Thu Sep 18 18:04:14 2025]
localrule all:
    input: isoformDB/database/read_type=long/dataset_id=K562, isoformDB/references/grch38.gencode.v29/.committed
    jobid: 0
    reason: Input files updated by another job: isoformDB/database/read_type=long/dataset_id=K562
    resources: tmpdir=/var/folders/tk/bdsgytmn5cb0bfqrftv10n8r0000gq/T
Shell command: None
[Thu Sep 18 18:04:14 2025]
Finished jobid: 0 (Rule: all)
2 of 2 steps (100%) done
Complete log(s): /Users/allen/projects/dna_lang/pytorch_borzoi/isoformer/database/pipeline/.snakemake/log/2025-09-18T180333.767290.snakemake.log
