Assuming unrestricted shared filesystem usage.
None
host: Allens MacBook
Building DAG of jobs...
Using shell: /bin/bash
Provided cores: 1 (use --cores to define parallelism)
Rules claiming more threads will be scaled down.
Job stats:
job                   count
------------------  -------
extract_isoforms          1
make_intervals            1
write_gene_records        1
total                     3

Select jobs to execute...
Execute 1 jobs...
[Wed Aug 20 17:48:04 2025]
localrule extract_isoforms:
    input: isoformDB/K562/transcript_annotation.gtf.gz
    output: isoformDB/K562/isoforms.tsv
    log: isoformDB/logs/extract_isoforms.K562.log
    jobid: 1
    benchmark: isoformDB/benchmarks/extract_isoforms.K562.tsv
    reason: Missing output files: isoformDB/K562/isoforms.tsv
    wildcards: dataset_id=K562
    resources: tmpdir=/var/folders/tk/bdsgytmn5cb0bfqrftv10n8r0000gq/T, mem_mb=4000, mem_mib=3815, time=01:00:00, cpus_per_task=2
Select jobs to execute...
[Wed Aug 20 17:48:35 2025]
Finished jobid: 1 (Rule: extract_isoforms)
1 of 3 steps (33%) done
Execute 1 jobs...
[Wed Aug 20 17:48:35 2025]
localrule make_intervals:
    input: isoformDB/grch38.gencode.v29/gene_annotation.gtf.gz
    output: isoformDB/grch38.gencode.v29/gene_intervals.bed
    log: isoformDB/logs/grch38.gencode.v29/make_intervals.log
    jobid: 3
    benchmark: isoformDB/benchmarks/grch38.gencode.v29/make_intervals.tsv
    reason: Missing output files: isoformDB/grch38.gencode.v29/gene_intervals.bed
    wildcards: reference_id=grch38.gencode.v29
    resources: tmpdir=/var/folders/tk/bdsgytmn5cb0bfqrftv10n8r0000gq/T, mem_mb=2000, mem_mib=1908, time=00:30:00, cpus_per_task=2
[Wed Aug 20 17:48:45 2025]
Finished jobid: 3 (Rule: make_intervals)
2 of 3 steps (67%) done
Select jobs to execute...
Execute 1 jobs...
[Wed Aug 20 17:48:45 2025]
localrule write_gene_records:
    input: isoformDB/K562/isoforms.tsv, isoformDB/grch38.gencode.v29/gene_intervals.bed, isoformDB/K562/isoform_quantitation.tsv
    output: isoformDB/database/partition=train/dataset_id=K562/data.parquet
    jobid: 0
    reason: Missing output files: isoformDB/database/partition=train/dataset_id=K562/data.parquet; Input files updated by another job: isoformDB/grch38.gencode.v29/gene_intervals.bed, isoformDB/K562/isoforms.tsv
    wildcards: partition=train, dataset_id=K562
    resources: tmpdir=/var/folders/tk/bdsgytmn5cb0bfqrftv10n8r0000gq/T
[Wed Aug 20 17:48:45 2025]
Finished jobid: 0 (Rule: write_gene_records)
3 of 3 steps (100%) done
Removing temporary output isoformDB/K562/isoforms.tsv.
Removing temporary output isoformDB/grch38.gencode.v29/gene_intervals.bed.
Complete log(s): /Users/allen/projects/dna_lang/pytorch_borzoi/isoformer/pipeline/.snakemake/log/2025-08-20T174804.321477.snakemake.log
